

Started GET "/assets/rails.png" for 10.0.2.2 at 2012-09-17 23:35:17 +0000
Connecting to database specified by database.yml

ActiveRecord::ConnectionNotEstablished (ActiveRecord::ConnectionNotEstablished):
  activerecord (3.2.8) lib/active_record/connection_adapters/abstract/connection_pool.rb:404:in `retrieve_connection'
  activerecord (3.2.8) lib/active_record/connection_adapters/abstract/connection_specification.rb:170:in `retrieve_connection'
  activerecord (3.2.8) lib/active_record/connection_adapters/abstract/connection_specification.rb:144:in `connection'
  activerecord (3.2.8) lib/active_record/query_cache.rb:67:in `rescue in call'
  activerecord (3.2.8) lib/active_record/query_cache.rb:61:in `call'
  activerecord (3.2.8) lib/active_record/connection_adapters/abstract/connection_pool.rb:473:in `call'
  actionpack (3.2.8) lib/action_dispatch/middleware/callbacks.rb:28:in `block in call'
  activesupport (3.2.8) lib/active_support/callbacks.rb:405:in `_run__578813767007750455__call__2229840357289329915__callbacks'
  activesupport (3.2.8) lib/active_support/callbacks.rb:405:in `__run_callback'
  activesupport (3.2.8) lib/active_support/callbacks.rb:385:in `_run_call_callbacks'
  activesupport (3.2.8) lib/active_support/callbacks.rb:81:in `run_callbacks'
  actionpack (3.2.8) lib/action_dispatch/middleware/callbacks.rb:27:in `call'
  actionpack (3.2.8) lib/action_dispatch/middleware/reloader.rb:65:in `call'
  actionpack (3.2.8) lib/action_dispatch/middleware/remote_ip.rb:31:in `call'
  actionpack (3.2.8) lib/action_dispatch/middleware/debug_exceptions.rb:16:in `call'
  actionpack (3.2.8) lib/action_dispatch/middleware/show_exceptions.rb:56:in `call'
  railties (3.2.8) lib/rails/rack/logger.rb:26:in `call_app'
  railties (3.2.8) lib/rails/rack/logger.rb:16:in `call'
  actionpack (3.2.8) lib/action_dispatch/middleware/request_id.rb:22:in `call'
  rack (1.4.1) lib/rack/methodoverride.rb:21:in `call'
  rack (1.4.1) lib/rack/runtime.rb:17:in `call'
  activesupport (3.2.8) lib/active_support/cache/strategy/local_cache.rb:72:in `call'
  rack (1.4.1) lib/rack/lock.rb:15:in `call'
  actionpack (3.2.8) lib/action_dispatch/middleware/static.rb:62:in `call'
  railties (3.2.8) lib/rails/engine.rb:479:in `call'
  railties (3.2.8) lib/rails/application.rb:223:in `call'
  rack (1.4.1) lib/rack/content_length.rb:14:in `call'
  railties (3.2.8) lib/rails/rack/log_tailer.rb:17:in `call'
  thin (1.4.1) lib/thin/connection.rb:80:in `block in pre_process'
  thin (1.4.1) lib/thin/connection.rb:78:in `catch'
  thin (1.4.1) lib/thin/connection.rb:78:in `pre_process'
  thin (1.4.1) lib/thin/connection.rb:53:in `process'
  thin (1.4.1) lib/thin/connection.rb:38:in `receive_data'
  eventmachine (1.0.0) lib/eventmachine.rb:187:in `run_machine'
  eventmachine (1.0.0) lib/eventmachine.rb:187:in `run'
  thin (1.4.1) lib/thin/backends/base.rb:63:in `start'
  thin (1.4.1) lib/thin/server.rb:159:in `start'
  rack (1.4.1) lib/rack/handler/thin.rb:13:in `run'
  rack (1.4.1) lib/rack/server.rb:265:in `start'
  railties (3.2.8) lib/rails/commands/server.rb:70:in `start'
  railties (3.2.8) lib/rails/commands.rb:55:in `block in <top (required)>'
  railties (3.2.8) lib/rails/commands.rb:50:in `tap'
  railties (3.2.8) lib/rails/commands.rb:50:in `<top (required)>'
  script/rails:6:in `require'
  script/rails:6:in `<main>'


  Rendered /usr/lib/ruby/gems/1.9.1/gems/actionpack-3.2.8/lib/action_dispatch/middleware/templates/rescues/_trace.erb (0.7ms)
  Rendered /usr/lib/ruby/gems/1.9.1/gems/actionpack-3.2.8/lib/action_dispatch/middleware/templates/rescues/_request_and_response.erb (10.9ms)
  Rendered /usr/lib/ruby/gems/1.9.1/gems/actionpack-3.2.8/lib/action_dispatch/middleware/templates/rescues/diagnostics.erb within rescues/layout (22.6ms)


Started GET "/" for 10.0.2.2 at 2012-09-17 23:36:01 +0000
Connecting to database specified by database.yml

ActiveRecord::ConnectionNotEstablished (ActiveRecord::ConnectionNotEstablished):
  activerecord (3.2.8) lib/active_record/connection_adapters/abstract/connection_pool.rb:404:in `retrieve_connection'
  activerecord (3.2.8) lib/active_record/connection_adapters/abstract/connection_specification.rb:170:in `retrieve_connection'
  activerecord (3.2.8) lib/active_record/connection_adapters/abstract/connection_specification.rb:144:in `connection'
  activerecord (3.2.8) lib/active_record/query_cache.rb:67:in `rescue in call'
  activerecord (3.2.8) lib/active_record/query_cache.rb:61:in `call'
  activerecord (3.2.8) lib/active_record/connection_adapters/abstract/connection_pool.rb:473:in `call'
  actionpack (3.2.8) lib/action_dispatch/middleware/callbacks.rb:28:in `block in call'
  activesupport (3.2.8) lib/active_support/callbacks.rb:405:in `_run__2552938023238640702__call__2431026590935106339__callbacks'
  activesupport (3.2.8) lib/active_support/callbacks.rb:405:in `__run_callback'
  activesupport (3.2.8) lib/active_support/callbacks.rb:385:in `_run_call_callbacks'
  activesupport (3.2.8) lib/active_support/callbacks.rb:81:in `run_callbacks'
  actionpack (3.2.8) lib/action_dispatch/middleware/callbacks.rb:27:in `call'
  actionpack (3.2.8) lib/action_dispatch/middleware/reloader.rb:65:in `call'
  actionpack (3.2.8) lib/action_dispatch/middleware/remote_ip.rb:31:in `call'
  actionpack (3.2.8) lib/action_dispatch/middleware/debug_exceptions.rb:16:in `call'
  actionpack (3.2.8) lib/action_dispatch/middleware/show_exceptions.rb:56:in `call'
  railties (3.2.8) lib/rails/rack/logger.rb:26:in `call_app'
  railties (3.2.8) lib/rails/rack/logger.rb:16:in `call'
  actionpack (3.2.8) lib/action_dispatch/middleware/request_id.rb:22:in `call'
  rack (1.4.1) lib/rack/methodoverride.rb:21:in `call'
  rack (1.4.1) lib/rack/runtime.rb:17:in `call'
  activesupport (3.2.8) lib/active_support/cache/strategy/local_cache.rb:72:in `call'
  rack (1.4.1) lib/rack/lock.rb:15:in `call'
  actionpack (3.2.8) lib/action_dispatch/middleware/static.rb:62:in `call'
  railties (3.2.8) lib/rails/engine.rb:479:in `call'
  railties (3.2.8) lib/rails/application.rb:223:in `call'
  rack (1.4.1) lib/rack/content_length.rb:14:in `call'
  railties (3.2.8) lib/rails/rack/log_tailer.rb:17:in `call'
  thin (1.4.1) lib/thin/connection.rb:80:in `block in pre_process'
  thin (1.4.1) lib/thin/connection.rb:78:in `catch'
  thin (1.4.1) lib/thin/connection.rb:78:in `pre_process'
  thin (1.4.1) lib/thin/connection.rb:53:in `process'
  thin (1.4.1) lib/thin/connection.rb:38:in `receive_data'
  eventmachine (1.0.0) lib/eventmachine.rb:187:in `run_machine'
  eventmachine (1.0.0) lib/eventmachine.rb:187:in `run'
  thin (1.4.1) lib/thin/backends/base.rb:63:in `start'
  thin (1.4.1) lib/thin/server.rb:159:in `start'
  rack (1.4.1) lib/rack/handler/thin.rb:13:in `run'
  rack (1.4.1) lib/rack/server.rb:265:in `start'
  railties (3.2.8) lib/rails/commands/server.rb:70:in `start'
  railties (3.2.8) lib/rails/commands.rb:55:in `block in <top (required)>'
  railties (3.2.8) lib/rails/commands.rb:50:in `tap'
  railties (3.2.8) lib/rails/commands.rb:50:in `<top (required)>'
  script/rails:6:in `require'
  script/rails:6:in `<main>'


  Rendered /usr/lib/ruby/gems/1.9.1/gems/actionpack-3.2.8/lib/action_dispatch/middleware/templates/rescues/_trace.erb (0.9ms)
  Rendered /usr/lib/ruby/gems/1.9.1/gems/actionpack-3.2.8/lib/action_dispatch/middleware/templates/rescues/_request_and_response.erb (5.0ms)
  Rendered /usr/lib/ruby/gems/1.9.1/gems/actionpack-3.2.8/lib/action_dispatch/middleware/templates/rescues/diagnostics.erb within rescues/layout (13.9ms)


Started GET "/site" for 10.0.2.2 at 2012-09-17 23:36:22 +0000

ActiveRecord::ConnectionNotEstablished (ActiveRecord::ConnectionNotEstablished):
  activerecord (3.2.8) lib/active_record/connection_adapters/abstract/connection_pool.rb:404:in `retrieve_connection'
  activerecord (3.2.8) lib/active_record/connection_adapters/abstract/connection_specification.rb:170:in `retrieve_connection'
  activerecord (3.2.8) lib/active_record/connection_adapters/abstract/connection_specification.rb:144:in `connection'
  activerecord (3.2.8) lib/active_record/query_cache.rb:67:in `rescue in call'
  activerecord (3.2.8) lib/active_record/query_cache.rb:61:in `call'
  activerecord (3.2.8) lib/active_record/connection_adapters/abstract/connection_pool.rb:473:in `call'
  actionpack (3.2.8) lib/action_dispatch/middleware/callbacks.rb:28:in `block in call'
  activesupport (3.2.8) lib/active_support/callbacks.rb:405:in `_run__2552938023238640702__call__2431026590935106339__callbacks'
  activesupport (3.2.8) lib/active_support/callbacks.rb:405:in `__run_callback'
  activesupport (3.2.8) lib/active_support/callbacks.rb:385:in `_run_call_callbacks'
  activesupport (3.2.8) lib/active_support/callbacks.rb:81:in `run_callbacks'
  actionpack (3.2.8) lib/action_dispatch/middleware/callbacks.rb:27:in `call'
  actionpack (3.2.8) lib/action_dispatch/middleware/reloader.rb:65:in `call'
  actionpack (3.2.8) lib/action_dispatch/middleware/remote_ip.rb:31:in `call'
  actionpack (3.2.8) lib/action_dispatch/middleware/debug_exceptions.rb:16:in `call'
  actionpack (3.2.8) lib/action_dispatch/middleware/show_exceptions.rb:56:in `call'
  railties (3.2.8) lib/rails/rack/logger.rb:26:in `call_app'
  railties (3.2.8) lib/rails/rack/logger.rb:16:in `call'
  actionpack (3.2.8) lib/action_dispatch/middleware/request_id.rb:22:in `call'
  rack (1.4.1) lib/rack/methodoverride.rb:21:in `call'
  rack (1.4.1) lib/rack/runtime.rb:17:in `call'
  activesupport (3.2.8) lib/active_support/cache/strategy/local_cache.rb:72:in `call'
  rack (1.4.1) lib/rack/lock.rb:15:in `call'
  actionpack (3.2.8) lib/action_dispatch/middleware/static.rb:62:in `call'
  railties (3.2.8) lib/rails/engine.rb:479:in `call'
  railties (3.2.8) lib/rails/application.rb:223:in `call'
  rack (1.4.1) lib/rack/content_length.rb:14:in `call'
  railties (3.2.8) lib/rails/rack/log_tailer.rb:17:in `call'
  thin (1.4.1) lib/thin/connection.rb:80:in `block in pre_process'
  thin (1.4.1) lib/thin/connection.rb:78:in `catch'
  thin (1.4.1) lib/thin/connection.rb:78:in `pre_process'
  thin (1.4.1) lib/thin/connection.rb:53:in `process'
  thin (1.4.1) lib/thin/connection.rb:38:in `receive_data'
  eventmachine (1.0.0) lib/eventmachine.rb:187:in `run_machine'
  eventmachine (1.0.0) lib/eventmachine.rb:187:in `run'
  thin (1.4.1) lib/thin/backends/base.rb:63:in `start'
  thin (1.4.1) lib/thin/server.rb:159:in `start'
  rack (1.4.1) lib/rack/handler/thin.rb:13:in `run'
  rack (1.4.1) lib/rack/server.rb:265:in `start'
  railties (3.2.8) lib/rails/commands/server.rb:70:in `start'
  railties (3.2.8) lib/rails/commands.rb:55:in `block in <top (required)>'
  railties (3.2.8) lib/rails/commands.rb:50:in `tap'
  railties (3.2.8) lib/rails/commands.rb:50:in `<top (required)>'
  script/rails:6:in `require'
  script/rails:6:in `<main>'


  Rendered /usr/lib/ruby/gems/1.9.1/gems/actionpack-3.2.8/lib/action_dispatch/middleware/templates/rescues/_trace.erb (1.0ms)
  Rendered /usr/lib/ruby/gems/1.9.1/gems/actionpack-3.2.8/lib/action_dispatch/middleware/templates/rescues/_request_and_response.erb (0.7ms)
  Rendered /usr/lib/ruby/gems/1.9.1/gems/actionpack-3.2.8/lib/action_dispatch/middleware/templates/rescues/diagnostics.erb within rescues/layout (5.4ms)


Started GET "/site/index" for 10.0.2.2 at 2012-09-17 23:36:26 +0000

ActiveRecord::ConnectionNotEstablished (ActiveRecord::ConnectionNotEstablished):
  activerecord (3.2.8) lib/active_record/connection_adapters/abstract/connection_pool.rb:404:in `retrieve_connection'
  activerecord (3.2.8) lib/active_record/connection_adapters/abstract/connection_specification.rb:170:in `retrieve_connection'
  activerecord (3.2.8) lib/active_record/connection_adapters/abstract/connection_specification.rb:144:in `connection'
  activerecord (3.2.8) lib/active_record/query_cache.rb:67:in `rescue in call'
  activerecord (3.2.8) lib/active_record/query_cache.rb:61:in `call'
  activerecord (3.2.8) lib/active_record/connection_adapters/abstract/connection_pool.rb:473:in `call'
  actionpack (3.2.8) lib/action_dispatch/middleware/callbacks.rb:28:in `block in call'
  activesupport (3.2.8) lib/active_support/callbacks.rb:405:in `_run__2552938023238640702__call__2431026590935106339__callbacks'
  activesupport (3.2.8) lib/active_support/callbacks.rb:405:in `__run_callback'
  activesupport (3.2.8) lib/active_support/callbacks.rb:385:in `_run_call_callbacks'
  activesupport (3.2.8) lib/active_support/callbacks.rb:81:in `run_callbacks'
  actionpack (3.2.8) lib/action_dispatch/middleware/callbacks.rb:27:in `call'
  actionpack (3.2.8) lib/action_dispatch/middleware/reloader.rb:65:in `call'
  actionpack (3.2.8) lib/action_dispatch/middleware/remote_ip.rb:31:in `call'
  actionpack (3.2.8) lib/action_dispatch/middleware/debug_exceptions.rb:16:in `call'
  actionpack (3.2.8) lib/action_dispatch/middleware/show_exceptions.rb:56:in `call'
  railties (3.2.8) lib/rails/rack/logger.rb:26:in `call_app'
  railties (3.2.8) lib/rails/rack/logger.rb:16:in `call'
  actionpack (3.2.8) lib/action_dispatch/middleware/request_id.rb:22:in `call'
  rack (1.4.1) lib/rack/methodoverride.rb:21:in `call'
  rack (1.4.1) lib/rack/runtime.rb:17:in `call'
  activesupport (3.2.8) lib/active_support/cache/strategy/local_cache.rb:72:in `call'
  rack (1.4.1) lib/rack/lock.rb:15:in `call'
  actionpack (3.2.8) lib/action_dispatch/middleware/static.rb:62:in `call'
  railties (3.2.8) lib/rails/engine.rb:479:in `call'
  railties (3.2.8) lib/rails/application.rb:223:in `call'
  rack (1.4.1) lib/rack/content_length.rb:14:in `call'
  railties (3.2.8) lib/rails/rack/log_tailer.rb:17:in `call'
  thin (1.4.1) lib/thin/connection.rb:80:in `block in pre_process'
  thin (1.4.1) lib/thin/connection.rb:78:in `catch'
  thin (1.4.1) lib/thin/connection.rb:78:in `pre_process'
  thin (1.4.1) lib/thin/connection.rb:53:in `process'
  thin (1.4.1) lib/thin/connection.rb:38:in `receive_data'
  eventmachine (1.0.0) lib/eventmachine.rb:187:in `run_machine'
  eventmachine (1.0.0) lib/eventmachine.rb:187:in `run'
  thin (1.4.1) lib/thin/backends/base.rb:63:in `start'
  thin (1.4.1) lib/thin/server.rb:159:in `start'
  rack (1.4.1) lib/rack/handler/thin.rb:13:in `run'
  rack (1.4.1) lib/rack/server.rb:265:in `start'
  railties (3.2.8) lib/rails/commands/server.rb:70:in `start'
  railties (3.2.8) lib/rails/commands.rb:55:in `block in <top (required)>'
  railties (3.2.8) lib/rails/commands.rb:50:in `tap'
  railties (3.2.8) lib/rails/commands.rb:50:in `<top (required)>'
  script/rails:6:in `require'
  script/rails:6:in `<main>'


  Rendered /usr/lib/ruby/gems/1.9.1/gems/actionpack-3.2.8/lib/action_dispatch/middleware/templates/rescues/_trace.erb (1.0ms)
  Rendered /usr/lib/ruby/gems/1.9.1/gems/actionpack-3.2.8/lib/action_dispatch/middleware/templates/rescues/_request_and_response.erb (0.8ms)
  Rendered /usr/lib/ruby/gems/1.9.1/gems/actionpack-3.2.8/lib/action_dispatch/middleware/templates/rescues/diagnostics.erb within rescues/layout (6.2ms)
Connecting to database specified by database.yml
  [1m[36m (25.0ms)[0m  [1mCREATE DATABASE `rubyandbeer_development` DEFAULT CHARACTER SET `utf8` COLLATE `utf8_unicode_ci`[0m
  [1m[35m (0.4ms)[0m  CREATE DATABASE `rubyandbeer_test` DEFAULT CHARACTER SET `utf8` COLLATE `utf8_unicode_ci`
Connecting to database specified by database.yml
  [1m[36m (1.8ms)[0m  [1mDROP DATABASE IF EXISTS `rubyandbeer_development`[0m
  [1m[35m (0.5ms)[0m  DROP DATABASE IF EXISTS `rubyandbeer_test`
  [1m[36m (0.3ms)[0m  [1mCREATE DATABASE `rubyandbeer_development` DEFAULT CHARACTER SET `utf8` COLLATE `utf8_unicode_ci`[0m
  [1m[35m (0.5ms)[0m  CREATE DATABASE `rubyandbeer_test` DEFAULT CHARACTER SET `utf8` COLLATE `utf8_unicode_ci`


Started GET "/site/index" for 10.0.2.2 at 2012-09-17 23:40:35 +0000
Connecting to database specified by database.yml

ActionController::RoutingError (No route matches [GET] "/site/index"):
  actionpack (3.2.8) lib/action_dispatch/middleware/debug_exceptions.rb:21:in `call'
  actionpack (3.2.8) lib/action_dispatch/middleware/show_exceptions.rb:56:in `call'
  railties (3.2.8) lib/rails/rack/logger.rb:26:in `call_app'
  railties (3.2.8) lib/rails/rack/logger.rb:16:in `call'
  actionpack (3.2.8) lib/action_dispatch/middleware/request_id.rb:22:in `call'
  rack (1.4.1) lib/rack/methodoverride.rb:21:in `call'
  rack (1.4.1) lib/rack/runtime.rb:17:in `call'
  activesupport (3.2.8) lib/active_support/cache/strategy/local_cache.rb:72:in `call'
  rack (1.4.1) lib/rack/lock.rb:15:in `call'
  actionpack (3.2.8) lib/action_dispatch/middleware/static.rb:62:in `call'
  railties (3.2.8) lib/rails/engine.rb:479:in `call'
  railties (3.2.8) lib/rails/application.rb:223:in `call'
  rack (1.4.1) lib/rack/content_length.rb:14:in `call'
  railties (3.2.8) lib/rails/rack/log_tailer.rb:17:in `call'
  thin (1.4.1) lib/thin/connection.rb:80:in `block in pre_process'
  thin (1.4.1) lib/thin/connection.rb:78:in `catch'
  thin (1.4.1) lib/thin/connection.rb:78:in `pre_process'
  thin (1.4.1) lib/thin/connection.rb:53:in `process'
  thin (1.4.1) lib/thin/connection.rb:38:in `receive_data'
  eventmachine (1.0.0) lib/eventmachine.rb:187:in `run_machine'
  eventmachine (1.0.0) lib/eventmachine.rb:187:in `run'
  thin (1.4.1) lib/thin/backends/base.rb:63:in `start'
  thin (1.4.1) lib/thin/server.rb:159:in `start'
  rack (1.4.1) lib/rack/handler/thin.rb:13:in `run'
  rack (1.4.1) lib/rack/server.rb:265:in `start'
  railties (3.2.8) lib/rails/commands/server.rb:70:in `start'
  railties (3.2.8) lib/rails/commands.rb:55:in `block in <top (required)>'
  railties (3.2.8) lib/rails/commands.rb:50:in `tap'
  railties (3.2.8) lib/rails/commands.rb:50:in `<top (required)>'
  script/rails:6:in `require'
  script/rails:6:in `<main>'


  Rendered /usr/lib/ruby/gems/1.9.1/gems/actionpack-3.2.8/lib/action_dispatch/middleware/templates/rescues/routing_error.erb within rescues/layout (5.1ms)


Started GET "/site/index" for 10.0.2.2 at 2012-09-17 23:41:43 +0000
Connecting to database specified by database.yml

ActionController::RoutingError (No route matches [GET] "/site/index"):
  actionpack (3.2.8) lib/action_dispatch/middleware/debug_exceptions.rb:21:in `call'
  actionpack (3.2.8) lib/action_dispatch/middleware/show_exceptions.rb:56:in `call'
  railties (3.2.8) lib/rails/rack/logger.rb:26:in `call_app'
  railties (3.2.8) lib/rails/rack/logger.rb:16:in `call'
  actionpack (3.2.8) lib/action_dispatch/middleware/request_id.rb:22:in `call'
  rack (1.4.1) lib/rack/methodoverride.rb:21:in `call'
  rack (1.4.1) lib/rack/runtime.rb:17:in `call'
  activesupport (3.2.8) lib/active_support/cache/strategy/local_cache.rb:72:in `call'
  rack (1.4.1) lib/rack/lock.rb:15:in `call'
  actionpack (3.2.8) lib/action_dispatch/middleware/static.rb:62:in `call'
  railties (3.2.8) lib/rails/engine.rb:479:in `call'
  railties (3.2.8) lib/rails/application.rb:223:in `call'
  rack (1.4.1) lib/rack/content_length.rb:14:in `call'
  railties (3.2.8) lib/rails/rack/log_tailer.rb:17:in `call'
  thin (1.4.1) lib/thin/connection.rb:80:in `block in pre_process'
  thin (1.4.1) lib/thin/connection.rb:78:in `catch'
  thin (1.4.1) lib/thin/connection.rb:78:in `pre_process'
  thin (1.4.1) lib/thin/connection.rb:53:in `process'
  thin (1.4.1) lib/thin/connection.rb:38:in `receive_data'
  eventmachine (1.0.0) lib/eventmachine.rb:187:in `run_machine'
  eventmachine (1.0.0) lib/eventmachine.rb:187:in `run'
  thin (1.4.1) lib/thin/backends/base.rb:63:in `start'
  thin (1.4.1) lib/thin/server.rb:159:in `start'
  rack (1.4.1) lib/rack/handler/thin.rb:13:in `run'
  rack (1.4.1) lib/rack/server.rb:265:in `start'
  railties (3.2.8) lib/rails/commands/server.rb:70:in `start'
  railties (3.2.8) lib/rails/commands.rb:55:in `block in <top (required)>'
  railties (3.2.8) lib/rails/commands.rb:50:in `tap'
  railties (3.2.8) lib/rails/commands.rb:50:in `<top (required)>'
  script/rails:6:in `require'
  script/rails:6:in `<main>'


  Rendered /usr/lib/ruby/gems/1.9.1/gems/actionpack-3.2.8/lib/action_dispatch/middleware/templates/rescues/routing_error.erb within rescues/layout (5.7ms)


Started GET "/site" for 10.0.2.2 at 2012-09-17 23:41:50 +0000
Processing by SiteController#index as HTML
  Rendered site/index.html within layouts/site (0.7ms)
Compiled site/site.css  (2ms)  (pid 1656)
  Rendered site/_header.html.erb (1.2ms)
Completed 200 OK in 275ms (Views: 274.7ms | ActiveRecord: 0.0ms)


Started GET "/assets/site/site.css?body=1" for 10.0.2.2 at 2012-09-17 23:41:51 +0000
Served asset /site/site.css - 200 OK (9ms)


Started GET "/assets/ruby-logo" for 10.0.2.2 at 2012-09-17 23:41:51 +0000
Served asset /ruby-logo - 404 Not Found (12ms)

ActionController::RoutingError (No route matches [GET] "/assets/ruby-logo"):
  actionpack (3.2.8) lib/action_dispatch/middleware/debug_exceptions.rb:21:in `call'
  actionpack (3.2.8) lib/action_dispatch/middleware/show_exceptions.rb:56:in `call'
  railties (3.2.8) lib/rails/rack/logger.rb:26:in `call_app'
  railties (3.2.8) lib/rails/rack/logger.rb:16:in `call'
  actionpack (3.2.8) lib/action_dispatch/middleware/request_id.rb:22:in `call'
  rack (1.4.1) lib/rack/methodoverride.rb:21:in `call'
  rack (1.4.1) lib/rack/runtime.rb:17:in `call'
  activesupport (3.2.8) lib/active_support/cache/strategy/local_cache.rb:72:in `call'
  rack (1.4.1) lib/rack/lock.rb:15:in `call'
  actionpack (3.2.8) lib/action_dispatch/middleware/static.rb:62:in `call'
  railties (3.2.8) lib/rails/engine.rb:479:in `call'
  railties (3.2.8) lib/rails/application.rb:223:in `call'
  rack (1.4.1) lib/rack/content_length.rb:14:in `call'
  railties (3.2.8) lib/rails/rack/log_tailer.rb:17:in `call'
  thin (1.4.1) lib/thin/connection.rb:80:in `block in pre_process'
  thin (1.4.1) lib/thin/connection.rb:78:in `catch'
  thin (1.4.1) lib/thin/connection.rb:78:in `pre_process'
  thin (1.4.1) lib/thin/connection.rb:53:in `process'
  thin (1.4.1) lib/thin/connection.rb:38:in `receive_data'
  eventmachine (1.0.0) lib/eventmachine.rb:187:in `run_machine'
  eventmachine (1.0.0) lib/eventmachine.rb:187:in `run'
  thin (1.4.1) lib/thin/backends/base.rb:63:in `start'
  thin (1.4.1) lib/thin/server.rb:159:in `start'
  rack (1.4.1) lib/rack/handler/thin.rb:13:in `run'
  rack (1.4.1) lib/rack/server.rb:265:in `start'
  railties (3.2.8) lib/rails/commands/server.rb:70:in `start'
  railties (3.2.8) lib/rails/commands.rb:55:in `block in <top (required)>'
  railties (3.2.8) lib/rails/commands.rb:50:in `tap'
  railties (3.2.8) lib/rails/commands.rb:50:in `<top (required)>'
  script/rails:6:in `require'
  script/rails:6:in `<main>'


  Rendered /usr/lib/ruby/gems/1.9.1/gems/actionpack-3.2.8/lib/action_dispatch/middleware/templates/rescues/routing_error.erb within rescues/layout (1.0ms)


Started GET "/assets/site/site.js" for 10.0.2.2 at 2012-09-17 23:41:51 +0000
Served asset /site/site.js - 404 Not Found (35ms)

ActionController::RoutingError (No route matches [GET] "/assets/site/site.js"):
  actionpack (3.2.8) lib/action_dispatch/middleware/debug_exceptions.rb:21:in `call'
  actionpack (3.2.8) lib/action_dispatch/middleware/show_exceptions.rb:56:in `call'
  railties (3.2.8) lib/rails/rack/logger.rb:26:in `call_app'
  railties (3.2.8) lib/rails/rack/logger.rb:16:in `call'
  actionpack (3.2.8) lib/action_dispatch/middleware/request_id.rb:22:in `call'
  rack (1.4.1) lib/rack/methodoverride.rb:21:in `call'
  rack (1.4.1) lib/rack/runtime.rb:17:in `call'
  activesupport (3.2.8) lib/active_support/cache/strategy/local_cache.rb:72:in `call'
  rack (1.4.1) lib/rack/lock.rb:15:in `call'
  actionpack (3.2.8) lib/action_dispatch/middleware/static.rb:62:in `call'
  railties (3.2.8) lib/rails/engine.rb:479:in `call'
  railties (3.2.8) lib/rails/application.rb:223:in `call'
  rack (1.4.1) lib/rack/content_length.rb:14:in `call'
  railties (3.2.8) lib/rails/rack/log_tailer.rb:17:in `call'
  thin (1.4.1) lib/thin/connection.rb:80:in `block in pre_process'
  thin (1.4.1) lib/thin/connection.rb:78:in `catch'
  thin (1.4.1) lib/thin/connection.rb:78:in `pre_process'
  thin (1.4.1) lib/thin/connection.rb:53:in `process'
  thin (1.4.1) lib/thin/connection.rb:38:in `receive_data'
  eventmachine (1.0.0) lib/eventmachine.rb:187:in `run_machine'
  eventmachine (1.0.0) lib/eventmachine.rb:187:in `run'
  thin (1.4.1) lib/thin/backends/base.rb:63:in `start'
  thin (1.4.1) lib/thin/server.rb:159:in `start'
  rack (1.4.1) lib/rack/handler/thin.rb:13:in `run'
  rack (1.4.1) lib/rack/server.rb:265:in `start'
  railties (3.2.8) lib/rails/commands/server.rb:70:in `start'
  railties (3.2.8) lib/rails/commands.rb:55:in `block in <top (required)>'
  railties (3.2.8) lib/rails/commands.rb:50:in `tap'
  railties (3.2.8) lib/rails/commands.rb:50:in `<top (required)>'
  script/rails:6:in `require'
  script/rails:6:in `<main>'


  Rendered /usr/lib/ruby/gems/1.9.1/gems/actionpack-3.2.8/lib/action_dispatch/middleware/templates/rescues/routing_error.erb within rescues/layout (0.7ms)


Started GET "/site" for 10.0.2.2 at 2012-09-17 23:43:19 +0000
Processing by SiteController#index as HTML
  Rendered site/index.html within layouts/site (0.1ms)
Compiled site/site.css  (2ms)  (pid 1656)
  Rendered site/_header.html.erb (0.2ms)
Completed 200 OK in 113ms (Views: 113.2ms | ActiveRecord: 0.0ms)


Started GET "/assets/site/site.css?body=1" for 10.0.2.2 at 2012-09-17 23:43:19 +0000
Served asset /site/site.css - 200 OK (10ms)


Started GET "/assets/site/site.js" for 10.0.2.2 at 2012-09-17 23:43:19 +0000
Served asset /site/site.js - 404 Not Found (9ms)

ActionController::RoutingError (No route matches [GET] "/assets/site/site.js"):
  actionpack (3.2.8) lib/action_dispatch/middleware/debug_exceptions.rb:21:in `call'
  actionpack (3.2.8) lib/action_dispatch/middleware/show_exceptions.rb:56:in `call'
  railties (3.2.8) lib/rails/rack/logger.rb:26:in `call_app'
  railties (3.2.8) lib/rails/rack/logger.rb:16:in `call'
  actionpack (3.2.8) lib/action_dispatch/middleware/request_id.rb:22:in `call'
  rack (1.4.1) lib/rack/methodoverride.rb:21:in `call'
  rack (1.4.1) lib/rack/runtime.rb:17:in `call'
  activesupport (3.2.8) lib/active_support/cache/strategy/local_cache.rb:72:in `call'
  rack (1.4.1) lib/rack/lock.rb:15:in `call'
  actionpack (3.2.8) lib/action_dispatch/middleware/static.rb:62:in `call'
  railties (3.2.8) lib/rails/engine.rb:479:in `call'
  railties (3.2.8) lib/rails/application.rb:223:in `call'
  rack (1.4.1) lib/rack/content_length.rb:14:in `call'
  railties (3.2.8) lib/rails/rack/log_tailer.rb:17:in `call'
  thin (1.4.1) lib/thin/connection.rb:80:in `block in pre_process'
  thin (1.4.1) lib/thin/connection.rb:78:in `catch'
  thin (1.4.1) lib/thin/connection.rb:78:in `pre_process'
  thin (1.4.1) lib/thin/connection.rb:53:in `process'
  thin (1.4.1) lib/thin/connection.rb:38:in `receive_data'
  eventmachine (1.0.0) lib/eventmachine.rb:187:in `run_machine'
  eventmachine (1.0.0) lib/eventmachine.rb:187:in `run'
  thin (1.4.1) lib/thin/backends/base.rb:63:in `start'
  thin (1.4.1) lib/thin/server.rb:159:in `start'
  rack (1.4.1) lib/rack/handler/thin.rb:13:in `run'
  rack (1.4.1) lib/rack/server.rb:265:in `start'
  railties (3.2.8) lib/rails/commands/server.rb:70:in `start'
  railties (3.2.8) lib/rails/commands.rb:55:in `block in <top (required)>'
  railties (3.2.8) lib/rails/commands.rb:50:in `tap'
  railties (3.2.8) lib/rails/commands.rb:50:in `<top (required)>'
  script/rails:6:in `require'
  script/rails:6:in `<main>'


  Rendered /usr/lib/ruby/gems/1.9.1/gems/actionpack-3.2.8/lib/action_dispatch/middleware/templates/rescues/routing_error.erb within rescues/layout (0.5ms)


Started GET "/assets/ruby-logo" for 10.0.2.2 at 2012-09-17 23:43:19 +0000
Served asset /ruby-logo - 404 Not Found (9ms)

ActionController::RoutingError (No route matches [GET] "/assets/ruby-logo"):
  actionpack (3.2.8) lib/action_dispatch/middleware/debug_exceptions.rb:21:in `call'
  actionpack (3.2.8) lib/action_dispatch/middleware/show_exceptions.rb:56:in `call'
  railties (3.2.8) lib/rails/rack/logger.rb:26:in `call_app'
  railties (3.2.8) lib/rails/rack/logger.rb:16:in `call'
  actionpack (3.2.8) lib/action_dispatch/middleware/request_id.rb:22:in `call'
  rack (1.4.1) lib/rack/methodoverride.rb:21:in `call'
  rack (1.4.1) lib/rack/runtime.rb:17:in `call'
  activesupport (3.2.8) lib/active_support/cache/strategy/local_cache.rb:72:in `call'
  rack (1.4.1) lib/rack/lock.rb:15:in `call'
  actionpack (3.2.8) lib/action_dispatch/middleware/static.rb:62:in `call'
  railties (3.2.8) lib/rails/engine.rb:479:in `call'
  railties (3.2.8) lib/rails/application.rb:223:in `call'
  rack (1.4.1) lib/rack/content_length.rb:14:in `call'
  railties (3.2.8) lib/rails/rack/log_tailer.rb:17:in `call'
  thin (1.4.1) lib/thin/connection.rb:80:in `block in pre_process'
  thin (1.4.1) lib/thin/connection.rb:78:in `catch'
  thin (1.4.1) lib/thin/connection.rb:78:in `pre_process'
  thin (1.4.1) lib/thin/connection.rb:53:in `process'
  thin (1.4.1) lib/thin/connection.rb:38:in `receive_data'
  eventmachine (1.0.0) lib/eventmachine.rb:187:in `run_machine'
  eventmachine (1.0.0) lib/eventmachine.rb:187:in `run'
  thin (1.4.1) lib/thin/backends/base.rb:63:in `start'
  thin (1.4.1) lib/thin/server.rb:159:in `start'
  rack (1.4.1) lib/rack/handler/thin.rb:13:in `run'
  rack (1.4.1) lib/rack/server.rb:265:in `start'
  railties (3.2.8) lib/rails/commands/server.rb:70:in `start'
  railties (3.2.8) lib/rails/commands.rb:55:in `block in <top (required)>'
  railties (3.2.8) lib/rails/commands.rb:50:in `tap'
  railties (3.2.8) lib/rails/commands.rb:50:in `<top (required)>'
  script/rails:6:in `require'
  script/rails:6:in `<main>'


  Rendered /usr/lib/ruby/gems/1.9.1/gems/actionpack-3.2.8/lib/action_dispatch/middleware/templates/rescues/routing_error.erb within rescues/layout (1.5ms)


Started GET "/assets/site/site.css?body=1" for 10.0.2.2 at 2012-09-17 23:43:31 +0000
Served asset /site/site.css - 304 Not Modified (1ms)


Started GET "/site" for 10.0.2.2 at 2012-09-17 23:44:00 +0000
Processing by SiteController#index as HTML
  Rendered site/index.html within layouts/site (0.1ms)
Completed 500 Internal Server Error in 188ms

ActionView::Template::Error (couldn't find file '960_24_col'
  (in /vagrant/rubyandbeer/app/assets/stylesheets/site/site.css:3)):
    5:   <meta charset="utf-8" />
    6:   <meta name="viewport" content="width=device-width" />
    7:   <link href='http://fonts.googleapis.com/css?family=Muli|Quicksand' rel='stylesheet' type='text/css'>
    8:   <%= stylesheet_link_tag    "site/site", :media => "all" %>
    9: 
    10:   <!--[if lt IE 9]>
    11:     <script src="http://html5shiv.googlecode.com/svn/trunk/html5.js"></script>
  app/views/layouts/site.html.erb:8:in `_app_views_layouts_site_html_erb___4175307449379254625_42432240'


  Rendered /usr/lib/ruby/gems/1.9.1/gems/actionpack-3.2.8/lib/action_dispatch/middleware/templates/rescues/_trace.erb (1.2ms)
  Rendered /usr/lib/ruby/gems/1.9.1/gems/actionpack-3.2.8/lib/action_dispatch/middleware/templates/rescues/_request_and_response.erb (0.7ms)
  Rendered /usr/lib/ruby/gems/1.9.1/gems/actionpack-3.2.8/lib/action_dispatch/middleware/templates/rescues/template_error.erb within rescues/layout (9.7ms)


Started GET "/site" for 10.0.2.2 at 2012-09-17 23:44:09 +0000
Processing by SiteController#index as HTML
  Rendered site/index.html within layouts/site (0.1ms)
Completed 500 Internal Server Error in 55ms

ActionView::Template::Error (couldn't find file '960_24_col'
  (in /vagrant/rubyandbeer/app/assets/stylesheets/site/site.css:3)):
    5:   <meta charset="utf-8" />
    6:   <meta name="viewport" content="width=device-width" />
    7:   <link href='http://fonts.googleapis.com/css?family=Muli|Quicksand' rel='stylesheet' type='text/css'>
    8:   <%= stylesheet_link_tag    "site/site", :media => "all" %>
    9: 
    10:   <!--[if lt IE 9]>
    11:     <script src="http://html5shiv.googlecode.com/svn/trunk/html5.js"></script>
  app/views/layouts/site.html.erb:8:in `_app_views_layouts_site_html_erb___4175307449379254625_42432240'


  Rendered /usr/lib/ruby/gems/1.9.1/gems/actionpack-3.2.8/lib/action_dispatch/middleware/templates/rescues/_trace.erb (1.0ms)
  Rendered /usr/lib/ruby/gems/1.9.1/gems/actionpack-3.2.8/lib/action_dispatch/middleware/templates/rescues/_request_and_response.erb (0.8ms)
  Rendered /usr/lib/ruby/gems/1.9.1/gems/actionpack-3.2.8/lib/action_dispatch/middleware/templates/rescues/template_error.erb within rescues/layout (5.7ms)


Started GET "/site" for 10.0.2.2 at 2012-09-17 23:44:49 +0000
Processing by SiteController#index as HTML
  Rendered site/index.html within layouts/site (0.1ms)
Compiled site/960_24_col.css  (1ms)  (pid 1656)
Compiled site/site.css  (178ms)  (pid 1656)
  Rendered site/_header.html.erb (0.2ms)
Completed 200 OK in 294ms (Views: 293.7ms | ActiveRecord: 0.0ms)


Started GET "/assets/site/960_24_col.css?body=1" for 10.0.2.2 at 2012-09-17 23:44:50 +0000
Served asset /site/960_24_col.css - 200 OK (9ms)


Started GET "/assets/site/site.css?body=1" for 10.0.2.2 at 2012-09-17 23:44:50 +0000
Served asset /site/site.css - 200 OK (14ms)


Started GET "/assets/site/site.js" for 10.0.2.2 at 2012-09-17 23:44:50 +0000
Served asset /site/site.js - 404 Not Found (8ms)

ActionController::RoutingError (No route matches [GET] "/assets/site/site.js"):
  actionpack (3.2.8) lib/action_dispatch/middleware/debug_exceptions.rb:21:in `call'
  actionpack (3.2.8) lib/action_dispatch/middleware/show_exceptions.rb:56:in `call'
  railties (3.2.8) lib/rails/rack/logger.rb:26:in `call_app'
  railties (3.2.8) lib/rails/rack/logger.rb:16:in `call'
  actionpack (3.2.8) lib/action_dispatch/middleware/request_id.rb:22:in `call'
  rack (1.4.1) lib/rack/methodoverride.rb:21:in `call'
  rack (1.4.1) lib/rack/runtime.rb:17:in `call'
  activesupport (3.2.8) lib/active_support/cache/strategy/local_cache.rb:72:in `call'
  rack (1.4.1) lib/rack/lock.rb:15:in `call'
  actionpack (3.2.8) lib/action_dispatch/middleware/static.rb:62:in `call'
  railties (3.2.8) lib/rails/engine.rb:479:in `call'
  railties (3.2.8) lib/rails/application.rb:223:in `call'
  rack (1.4.1) lib/rack/content_length.rb:14:in `call'
  railties (3.2.8) lib/rails/rack/log_tailer.rb:17:in `call'
  thin (1.4.1) lib/thin/connection.rb:80:in `block in pre_process'
  thin (1.4.1) lib/thin/connection.rb:78:in `catch'
  thin (1.4.1) lib/thin/connection.rb:78:in `pre_process'
  thin (1.4.1) lib/thin/connection.rb:53:in `process'
  thin (1.4.1) lib/thin/connection.rb:38:in `receive_data'
  eventmachine (1.0.0) lib/eventmachine.rb:187:in `run_machine'
  eventmachine (1.0.0) lib/eventmachine.rb:187:in `run'
  thin (1.4.1) lib/thin/backends/base.rb:63:in `start'
  thin (1.4.1) lib/thin/server.rb:159:in `start'
  rack (1.4.1) lib/rack/handler/thin.rb:13:in `run'
  rack (1.4.1) lib/rack/server.rb:265:in `start'
  railties (3.2.8) lib/rails/commands/server.rb:70:in `start'
  railties (3.2.8) lib/rails/commands.rb:55:in `block in <top (required)>'
  railties (3.2.8) lib/rails/commands.rb:50:in `tap'
  railties (3.2.8) lib/rails/commands.rb:50:in `<top (required)>'
  script/rails:6:in `require'
  script/rails:6:in `<main>'


  Rendered /usr/lib/ruby/gems/1.9.1/gems/actionpack-3.2.8/lib/action_dispatch/middleware/templates/rescues/routing_error.erb within rescues/layout (0.7ms)


Started GET "/assets/ruby-logo" for 10.0.2.2 at 2012-09-17 23:44:50 +0000
Served asset /ruby-logo - 404 Not Found (9ms)

ActionController::RoutingError (No route matches [GET] "/assets/ruby-logo"):
  actionpack (3.2.8) lib/action_dispatch/middleware/debug_exceptions.rb:21:in `call'
  actionpack (3.2.8) lib/action_dispatch/middleware/show_exceptions.rb:56:in `call'
  railties (3.2.8) lib/rails/rack/logger.rb:26:in `call_app'
  railties (3.2.8) lib/rails/rack/logger.rb:16:in `call'
  actionpack (3.2.8) lib/action_dispatch/middleware/request_id.rb:22:in `call'
  rack (1.4.1) lib/rack/methodoverride.rb:21:in `call'
  rack (1.4.1) lib/rack/runtime.rb:17:in `call'
  activesupport (3.2.8) lib/active_support/cache/strategy/local_cache.rb:72:in `call'
  rack (1.4.1) lib/rack/lock.rb:15:in `call'
  actionpack (3.2.8) lib/action_dispatch/middleware/static.rb:62:in `call'
  railties (3.2.8) lib/rails/engine.rb:479:in `call'
  railties (3.2.8) lib/rails/application.rb:223:in `call'
  rack (1.4.1) lib/rack/content_length.rb:14:in `call'
  railties (3.2.8) lib/rails/rack/log_tailer.rb:17:in `call'
  thin (1.4.1) lib/thin/connection.rb:80:in `block in pre_process'
  thin (1.4.1) lib/thin/connection.rb:78:in `catch'
  thin (1.4.1) lib/thin/connection.rb:78:in `pre_process'
  thin (1.4.1) lib/thin/connection.rb:53:in `process'
  thin (1.4.1) lib/thin/connection.rb:38:in `receive_data'
  eventmachine (1.0.0) lib/eventmachine.rb:187:in `run_machine'
  eventmachine (1.0.0) lib/eventmachine.rb:187:in `run'
  thin (1.4.1) lib/thin/backends/base.rb:63:in `start'
  thin (1.4.1) lib/thin/server.rb:159:in `start'
  rack (1.4.1) lib/rack/handler/thin.rb:13:in `run'
  rack (1.4.1) lib/rack/server.rb:265:in `start'
  railties (3.2.8) lib/rails/commands/server.rb:70:in `start'
  railties (3.2.8) lib/rails/commands.rb:55:in `block in <top (required)>'
  railties (3.2.8) lib/rails/commands.rb:50:in `tap'
  railties (3.2.8) lib/rails/commands.rb:50:in `<top (required)>'
  script/rails:6:in `require'
  script/rails:6:in `<main>'


  Rendered /usr/lib/ruby/gems/1.9.1/gems/actionpack-3.2.8/lib/action_dispatch/middleware/templates/rescues/routing_error.erb within rescues/layout (0.5ms)


Started GET "/site" for 10.0.2.2 at 2012-09-17 23:45:44 +0000
Processing by SiteController#index as HTML
  Rendered site/index.html within layouts/site (0.1ms)
  Rendered site/_header.html.erb (0.6ms)
Completed 200 OK in 43ms (Views: 42.9ms | ActiveRecord: 0.0ms)


Started GET "/site" for 10.0.2.2 at 2012-09-17 23:45:47 +0000
Processing by SiteController#index as HTML
  Rendered site/index.html within layouts/site (0.1ms)
  Rendered site/_header.html.erb (0.2ms)
Completed 200 OK in 37ms (Views: 36.7ms | ActiveRecord: 0.0ms)


Started GET "/assets/site/site.css?body=1" for 10.0.2.2 at 2012-09-17 23:45:47 +0000
Served asset /site/site.css - 304 Not Modified (2ms)


Started GET "/assets/site/960_24_col.css?body=1" for 10.0.2.2 at 2012-09-17 23:45:47 +0000
Served asset /site/960_24_col.css - 304 Not Modified (0ms)


Started GET "/assets/ruby-logo.png" for 10.0.2.2 at 2012-09-17 23:45:47 +0000
Served asset /ruby-logo.png - 200 OK (140ms)


Started GET "/assets/site/site.js" for 10.0.2.2 at 2012-09-17 23:45:47 +0000
Served asset /site/site.js - 404 Not Found (11ms)

ActionController::RoutingError (No route matches [GET] "/assets/site/site.js"):
  actionpack (3.2.8) lib/action_dispatch/middleware/debug_exceptions.rb:21:in `call'
  actionpack (3.2.8) lib/action_dispatch/middleware/show_exceptions.rb:56:in `call'
  railties (3.2.8) lib/rails/rack/logger.rb:26:in `call_app'
  railties (3.2.8) lib/rails/rack/logger.rb:16:in `call'
  actionpack (3.2.8) lib/action_dispatch/middleware/request_id.rb:22:in `call'
  rack (1.4.1) lib/rack/methodoverride.rb:21:in `call'
  rack (1.4.1) lib/rack/runtime.rb:17:in `call'
  activesupport (3.2.8) lib/active_support/cache/strategy/local_cache.rb:72:in `call'
  rack (1.4.1) lib/rack/lock.rb:15:in `call'
  actionpack (3.2.8) lib/action_dispatch/middleware/static.rb:62:in `call'
  railties (3.2.8) lib/rails/engine.rb:479:in `call'
  railties (3.2.8) lib/rails/application.rb:223:in `call'
  rack (1.4.1) lib/rack/content_length.rb:14:in `call'
  railties (3.2.8) lib/rails/rack/log_tailer.rb:17:in `call'
  thin (1.4.1) lib/thin/connection.rb:80:in `block in pre_process'
  thin (1.4.1) lib/thin/connection.rb:78:in `catch'
  thin (1.4.1) lib/thin/connection.rb:78:in `pre_process'
  thin (1.4.1) lib/thin/connection.rb:53:in `process'
  thin (1.4.1) lib/thin/connection.rb:38:in `receive_data'
  eventmachine (1.0.0) lib/eventmachine.rb:187:in `run_machine'
  eventmachine (1.0.0) lib/eventmachine.rb:187:in `run'
  thin (1.4.1) lib/thin/backends/base.rb:63:in `start'
  thin (1.4.1) lib/thin/server.rb:159:in `start'
  rack (1.4.1) lib/rack/handler/thin.rb:13:in `run'
  rack (1.4.1) lib/rack/server.rb:265:in `start'
  railties (3.2.8) lib/rails/commands/server.rb:70:in `start'
  railties (3.2.8) lib/rails/commands.rb:55:in `block in <top (required)>'
  railties (3.2.8) lib/rails/commands.rb:50:in `tap'
  railties (3.2.8) lib/rails/commands.rb:50:in `<top (required)>'
  script/rails:6:in `require'
  script/rails:6:in `<main>'


  Rendered /usr/lib/ruby/gems/1.9.1/gems/actionpack-3.2.8/lib/action_dispatch/middleware/templates/rescues/routing_error.erb within rescues/layout (0.5ms)


Started GET "/site" for 10.0.2.2 at 2012-09-17 23:47:42 +0000
Processing by SiteController#index as HTML
  Rendered site/index.html within layouts/site (0.1ms)
Compiled site/site.css  (1ms)  (pid 1656)
  Rendered site/_header.html.erb (0.6ms)
Completed 200 OK in 117ms (Views: 116.7ms | ActiveRecord: 0.0ms)


Started GET "/assets/site/site.css?body=1" for 10.0.2.2 at 2012-09-17 23:47:42 +0000
Served asset /site/site.css - 200 OK (15ms)


Started GET "/assets/site/960_24_col.css?body=1" for 10.0.2.2 at 2012-09-17 23:47:42 +0000
Served asset /site/960_24_col.css - 304 Not Modified (1ms)


Started GET "/assets/ruby-logo.png" for 10.0.2.2 at 2012-09-17 23:47:42 +0000
Served asset /ruby-logo.png - 304 Not Modified (0ms)


Started GET "/assets/site/site.js" for 10.0.2.2 at 2012-09-17 23:47:42 +0000
Served asset /site/site.js - 404 Not Found (8ms)

ActionController::RoutingError (No route matches [GET] "/assets/site/site.js"):
  actionpack (3.2.8) lib/action_dispatch/middleware/debug_exceptions.rb:21:in `call'
  actionpack (3.2.8) lib/action_dispatch/middleware/show_exceptions.rb:56:in `call'
  railties (3.2.8) lib/rails/rack/logger.rb:26:in `call_app'
  railties (3.2.8) lib/rails/rack/logger.rb:16:in `call'
  actionpack (3.2.8) lib/action_dispatch/middleware/request_id.rb:22:in `call'
  rack (1.4.1) lib/rack/methodoverride.rb:21:in `call'
  rack (1.4.1) lib/rack/runtime.rb:17:in `call'
  activesupport (3.2.8) lib/active_support/cache/strategy/local_cache.rb:72:in `call'
  rack (1.4.1) lib/rack/lock.rb:15:in `call'
  actionpack (3.2.8) lib/action_dispatch/middleware/static.rb:62:in `call'
  railties (3.2.8) lib/rails/engine.rb:479:in `call'
  railties (3.2.8) lib/rails/application.rb:223:in `call'
  rack (1.4.1) lib/rack/content_length.rb:14:in `call'
  railties (3.2.8) lib/rails/rack/log_tailer.rb:17:in `call'
  thin (1.4.1) lib/thin/connection.rb:80:in `block in pre_process'
  thin (1.4.1) lib/thin/connection.rb:78:in `catch'
  thin (1.4.1) lib/thin/connection.rb:78:in `pre_process'
  thin (1.4.1) lib/thin/connection.rb:53:in `process'
  thin (1.4.1) lib/thin/connection.rb:38:in `receive_data'
  eventmachine (1.0.0) lib/eventmachine.rb:187:in `run_machine'
  eventmachine (1.0.0) lib/eventmachine.rb:187:in `run'
  thin (1.4.1) lib/thin/backends/base.rb:63:in `start'
  thin (1.4.1) lib/thin/server.rb:159:in `start'
  rack (1.4.1) lib/rack/handler/thin.rb:13:in `run'
  rack (1.4.1) lib/rack/server.rb:265:in `start'
  railties (3.2.8) lib/rails/commands/server.rb:70:in `start'
  railties (3.2.8) lib/rails/commands.rb:55:in `block in <top (required)>'
  railties (3.2.8) lib/rails/commands.rb:50:in `tap'
  railties (3.2.8) lib/rails/commands.rb:50:in `<top (required)>'
  script/rails:6:in `require'
  script/rails:6:in `<main>'


  Rendered /usr/lib/ruby/gems/1.9.1/gems/actionpack-3.2.8/lib/action_dispatch/middleware/templates/rescues/routing_error.erb within rescues/layout (0.6ms)


Started GET "/site" for 10.0.2.2 at 2012-09-17 23:49:39 +0000
Processing by SiteController#index as HTML
  Rendered site/index.html within layouts/site (0.1ms)
Compiled site/site.css  (175ms)  (pid 1656)
  Rendered site/_header.html.erb (0.4ms)
Completed 200 OK in 293ms (Views: 293.1ms | ActiveRecord: 0.0ms)


Started GET "/assets/site/site.css?body=1" for 10.0.2.2 at 2012-09-17 23:49:39 +0000
Served asset /site/site.css - 200 OK (12ms)


Started GET "/assets/site/960_24_col.css?body=1" for 10.0.2.2 at 2012-09-17 23:49:39 +0000
Served asset /site/960_24_col.css - 304 Not Modified (1ms)


Started GET "/assets/ruby-logo.png" for 10.0.2.2 at 2012-09-17 23:49:39 +0000
Served asset /ruby-logo.png - 304 Not Modified (0ms)


Started GET "/assets/site/site.js" for 10.0.2.2 at 2012-09-17 23:49:39 +0000
Served asset /site/site.js - 404 Not Found (39ms)

ActionController::RoutingError (No route matches [GET] "/assets/site/site.js"):
  actionpack (3.2.8) lib/action_dispatch/middleware/debug_exceptions.rb:21:in `call'
  actionpack (3.2.8) lib/action_dispatch/middleware/show_exceptions.rb:56:in `call'
  railties (3.2.8) lib/rails/rack/logger.rb:26:in `call_app'
  railties (3.2.8) lib/rails/rack/logger.rb:16:in `call'
  actionpack (3.2.8) lib/action_dispatch/middleware/request_id.rb:22:in `call'
  rack (1.4.1) lib/rack/methodoverride.rb:21:in `call'
  rack (1.4.1) lib/rack/runtime.rb:17:in `call'
  activesupport (3.2.8) lib/active_support/cache/strategy/local_cache.rb:72:in `call'
  rack (1.4.1) lib/rack/lock.rb:15:in `call'
  actionpack (3.2.8) lib/action_dispatch/middleware/static.rb:62:in `call'
  railties (3.2.8) lib/rails/engine.rb:479:in `call'
  railties (3.2.8) lib/rails/application.rb:223:in `call'
  rack (1.4.1) lib/rack/content_length.rb:14:in `call'
  railties (3.2.8) lib/rails/rack/log_tailer.rb:17:in `call'
  thin (1.4.1) lib/thin/connection.rb:80:in `block in pre_process'
  thin (1.4.1) lib/thin/connection.rb:78:in `catch'
  thin (1.4.1) lib/thin/connection.rb:78:in `pre_process'
  thin (1.4.1) lib/thin/connection.rb:53:in `process'
  thin (1.4.1) lib/thin/connection.rb:38:in `receive_data'
  eventmachine (1.0.0) lib/eventmachine.rb:187:in `run_machine'
  eventmachine (1.0.0) lib/eventmachine.rb:187:in `run'
  thin (1.4.1) lib/thin/backends/base.rb:63:in `start'
  thin (1.4.1) lib/thin/server.rb:159:in `start'
  rack (1.4.1) lib/rack/handler/thin.rb:13:in `run'
  rack (1.4.1) lib/rack/server.rb:265:in `start'
  railties (3.2.8) lib/rails/commands/server.rb:70:in `start'
  railties (3.2.8) lib/rails/commands.rb:55:in `block in <top (required)>'
  railties (3.2.8) lib/rails/commands.rb:50:in `tap'
  railties (3.2.8) lib/rails/commands.rb:50:in `<top (required)>'
  script/rails:6:in `require'
  script/rails:6:in `<main>'


  Rendered /usr/lib/ruby/gems/1.9.1/gems/actionpack-3.2.8/lib/action_dispatch/middleware/templates/rescues/routing_error.erb within rescues/layout (0.5ms)


Started GET "/site" for 10.0.2.2 at 2012-09-17 23:55:06 +0000
Processing by SiteController#index as HTML
  Rendered site/index.html within layouts/site (0.1ms)
Completed 500 Internal Server Error in 140ms

ActionView::Template::Error (Invalid CSS after "    &": expected "{", was "hover { color: ..."

"hover" may only be used at the beginning of a selector.
  (in /vagrant/rubyandbeer/app/assets/stylesheets/site/site.css.scss)):
    5:   <meta charset="utf-8" />
    6:   <meta name="viewport" content="width=device-width" />
    7:   <link href='http://fonts.googleapis.com/css?family=Muli|Quicksand' rel='stylesheet' type='text/css'>
    8:   <%= stylesheet_link_tag    "site/site", :media => "all" %>
    9: 
    10:   <!--[if lt IE 9]>
    11:     <script src="http://html5shiv.googlecode.com/svn/trunk/html5.js"></script>
  app/assets/stylesheets/site/site.css.scss:91
  app/views/layouts/site.html.erb:8:in `_app_views_layouts_site_html_erb___4175307449379254625_42432240'


  Rendered /usr/lib/ruby/gems/1.9.1/gems/actionpack-3.2.8/lib/action_dispatch/middleware/templates/rescues/_trace.erb (1.3ms)
  Rendered /usr/lib/ruby/gems/1.9.1/gems/actionpack-3.2.8/lib/action_dispatch/middleware/templates/rescues/_request_and_response.erb (0.8ms)
  Rendered /usr/lib/ruby/gems/1.9.1/gems/actionpack-3.2.8/lib/action_dispatch/middleware/templates/rescues/template_error.erb within rescues/layout (6.3ms)


Started GET "/site" for 10.0.2.2 at 2012-09-18 00:06:21 +0000
Processing by SiteController#index as HTML
  Rendered site/index.html within layouts/site (0.1ms)
Completed 500 Internal Server Error in 241ms

ActionView::Template::Error (Invalid CSS after "    &": expected "{", was "hover { color: ..."

"hover" may only be used at the beginning of a selector.
  (in /vagrant/rubyandbeer/app/assets/stylesheets/site/site.css.scss)):
    5:   <meta charset="utf-8" />
    6:   <meta name="viewport" content="width=device-width" />
    7:   <link href='http://fonts.googleapis.com/css?family=Muli|Quicksand' rel='stylesheet' type='text/css'>
    8:   <%= stylesheet_link_tag    "site/site", :media => "all" %>
    9: 
    10:   <!--[if lt IE 9]>
    11:     <script src="http://html5shiv.googlecode.com/svn/trunk/html5.js"></script>
  app/assets/stylesheets/site/site.css.scss:91
  app/views/layouts/site.html.erb:8:in `_app_views_layouts_site_html_erb___4175307449379254625_42432240'


  Rendered /usr/lib/ruby/gems/1.9.1/gems/actionpack-3.2.8/lib/action_dispatch/middleware/templates/rescues/_trace.erb (1.4ms)
  Rendered /usr/lib/ruby/gems/1.9.1/gems/actionpack-3.2.8/lib/action_dispatch/middleware/templates/rescues/_request_and_response.erb (2.0ms)
  Rendered /usr/lib/ruby/gems/1.9.1/gems/actionpack-3.2.8/lib/action_dispatch/middleware/templates/rescues/template_error.erb within rescues/layout (9.8ms)


Started GET "/site" for 10.0.2.2 at 2012-09-18 00:09:17 +0000
Processing by SiteController#index as HTML
  Rendered site/index.html within layouts/site (0.1ms)
Compiled site/site.css  (77ms)  (pid 1656)
  Rendered site/_header.html.erb (0.5ms)
Completed 200 OK in 420ms (Views: 420.0ms | ActiveRecord: 0.0ms)


Started GET "/assets/site/site.css?body=1" for 10.0.2.2 at 2012-09-18 00:09:17 +0000
Served asset /site/site.css - 200 OK (17ms)


Started GET "/assets/site/960_24_col.css?body=1" for 10.0.2.2 at 2012-09-18 00:09:18 +0000
Served asset /site/960_24_col.css - 304 Not Modified (0ms)


Started GET "/assets/ruby-logo.png" for 10.0.2.2 at 2012-09-18 00:09:18 +0000
Served asset /ruby-logo.png - 304 Not Modified (4ms)


Started GET "/assets/site/site.js" for 10.0.2.2 at 2012-09-18 00:09:18 +0000
Served asset /site/site.js - 404 Not Found (16ms)

ActionController::RoutingError (No route matches [GET] "/assets/site/site.js"):
  actionpack (3.2.8) lib/action_dispatch/middleware/debug_exceptions.rb:21:in `call'
  actionpack (3.2.8) lib/action_dispatch/middleware/show_exceptions.rb:56:in `call'
  railties (3.2.8) lib/rails/rack/logger.rb:26:in `call_app'
  railties (3.2.8) lib/rails/rack/logger.rb:16:in `call'
  actionpack (3.2.8) lib/action_dispatch/middleware/request_id.rb:22:in `call'
  rack (1.4.1) lib/rack/methodoverride.rb:21:in `call'
  rack (1.4.1) lib/rack/runtime.rb:17:in `call'
  activesupport (3.2.8) lib/active_support/cache/strategy/local_cache.rb:72:in `call'
  rack (1.4.1) lib/rack/lock.rb:15:in `call'
  actionpack (3.2.8) lib/action_dispatch/middleware/static.rb:62:in `call'
  railties (3.2.8) lib/rails/engine.rb:479:in `call'
  railties (3.2.8) lib/rails/application.rb:223:in `call'
  rack (1.4.1) lib/rack/content_length.rb:14:in `call'
  railties (3.2.8) lib/rails/rack/log_tailer.rb:17:in `call'
  thin (1.4.1) lib/thin/connection.rb:80:in `block in pre_process'
  thin (1.4.1) lib/thin/connection.rb:78:in `catch'
  thin (1.4.1) lib/thin/connection.rb:78:in `pre_process'
  thin (1.4.1) lib/thin/connection.rb:53:in `process'
  thin (1.4.1) lib/thin/connection.rb:38:in `receive_data'
  eventmachine (1.0.0) lib/eventmachine.rb:187:in `run_machine'
  eventmachine (1.0.0) lib/eventmachine.rb:187:in `run'
  thin (1.4.1) lib/thin/backends/base.rb:63:in `start'
  thin (1.4.1) lib/thin/server.rb:159:in `start'
  rack (1.4.1) lib/rack/handler/thin.rb:13:in `run'
  rack (1.4.1) lib/rack/server.rb:265:in `start'
  railties (3.2.8) lib/rails/commands/server.rb:70:in `start'
  railties (3.2.8) lib/rails/commands.rb:55:in `block in <top (required)>'
  railties (3.2.8) lib/rails/commands.rb:50:in `tap'
  railties (3.2.8) lib/rails/commands.rb:50:in `<top (required)>'
  script/rails:6:in `require'
  script/rails:6:in `<main>'


  Rendered /usr/lib/ruby/gems/1.9.1/gems/actionpack-3.2.8/lib/action_dispatch/middleware/templates/rescues/routing_error.erb within rescues/layout (0.8ms)
